<?xml version="1.0" encoding="UTF-8"?>
<testng-results skipped="0" failed="0" ignored="0" total="2" passed="2">
  <reporter-output>
  </reporter-output>
  <suite name="TestNG session Test automation Suite1" duration-ms="18284" started-at="2019-08-14T06:59:36Z" finished-at="2019-08-14T06:59:54Z">
    <groups>
    </groups>
    <test name="Different testNG features test1" duration-ms="18272" started-at="2019-08-14T06:59:36Z" finished-at="2019-08-14T06:59:54Z">
      <class name="com.practice.Snippet">
        <test-method status="PASS" signature="Test()[pri:0, instance:com.practice.Snippet@59fa1d9b]" name="Test" duration-ms="18250" started-at="2019-08-14T12:29:36Z" finished-at="2019-08-14T12:29:54Z">
          <reporter-output>
          </reporter-output>
        </test-method> <!-- Test -->
      </class> <!-- com.practice.Snippet -->
    </test> <!-- Different testNG features test1 -->
    <test name="Different testNG features test" duration-ms="18284" started-at="2019-08-14T06:59:36Z" finished-at="2019-08-14T06:59:54Z">
      <class name="com.practice.Snippet">
        <test-method status="PASS" signature="Test()[pri:0, instance:com.practice.Snippet@7c16905e]" name="Test" duration-ms="18265" started-at="2019-08-14T12:29:36Z" finished-at="2019-08-14T12:29:54Z">
          <reporter-output>
          </reporter-output>
        </test-method> <!-- Test -->
      </class> <!-- com.practice.Snippet -->
    </test> <!-- Different testNG features test -->
  </suite> <!-- TestNG session Test automation Suite1 -->
</testng-results>
